<?xml version="1.0" encoding="UTF-8"?>
<testsuite name="com.llandroidtest.data.ExampleUnitTest" tests="1" skipped="0" failures="0" errors="0" timestamp="2024-12-01T04:07:33" hostname="DESKTOP-230B3MC" time="0.003">
  <properties/>
  <testcase name="addition_isCorrect" classname="com.llandroidtest.data.ExampleUnitTest" time="0.003"/>
  <system-out><![CDATA[]]></system-out>
  <system-err><![CDATA[]]></system-err>
</testsuite>
