<?xml version="1.0" encoding="UTF-8"?>
<testsuite name="com.llandroidtest.domain.ExampleUnitTest" tests="1" skipped="0" failures="0" errors="0" timestamp="2024-12-01T04:07:38" hostname="DESKTOP-230B3MC" time="0.001">
  <properties/>
  <testcase name="addition_isCorrect" classname="com.llandroidtest.domain.ExampleUnitTest" time="0.001"/>
  <system-out><![CDATA[]]></system-out>
  <system-err><![CDATA[]]></system-err>
</testsuite>
